A D/animation////
A D/assets////
A D/autocomplete////
A D/base////
A D/button////
A D/calendar////
A D/carousel////
A D/charts////
A D/colorpicker////
A D/connection////
A D/container////
A D/cookie////
A D/datasource////
A D/datatable////
A D/datemath////
A D/dom////
A D/dragdrop////
A D/editor////
A D/element////
A D/element-delegate////
A D/event////
A D/event-delegate////
A D/event-mouseenter////
A D/event-simulate////
A D/fonts////
A D/get////
A D/grids////
A D/history////
A D/imagecropper////
A D/imageloader////
A D/json////
A D/layout////
A D/logger////
A D/menu////
A D/paginator////
A D/profiler////
A D/profilerviewer////
A D/progressbar////
A D/reset////
A D/reset-fonts////
A D/reset-fonts-grids////
A D/resize////
A D/selector////
A D/slider////
A D/storage////
A D/stylesheet////
A D/swf////
A D/swfdetect////
A D/swfstore////
A D/tabview////
A D/treeview////
A D/uploader////
A D/utilities////
A D/yahoo////
A D/yahoo-dom-event////
A D/yuiloader////
A D/yuiloader-dom-event////
A D/yuitest////
